<?xml version="1.0" encoding="UTF-8"?>
<!-- Generated by org.testng.reporters.JUnitReportReporter -->
<testsuite hostname="DESKTOP-6MMKR3C" failures="0" tests="1" name="Appium.Appium_Java.test1" time="0.015" errors="0" timestamp="2023-07-25T14:37:59 IST" skipped="0">
  <testcase classname="Appium.Appium_Java.test1" name="test1" time="0.015"/>
  <system-out/>
</testsuite> <!-- Appium.Appium_Java.test1 -->
