<?xml version="1.0" encoding="UTF-8"?>
<!-- Generated by org.testng.reporters.JUnitReportReporter -->
<testsuite hostname="DESKTOP-6MMKR3C" failures="0" tests="1" name="Appium.Appium_Java.test4" time="0.017" errors="0" timestamp="2023-07-25T14:38:46 IST" skipped="0">
  <testcase classname="Appium.Appium_Java.test4" name="test4" time="0.017"/>
  <system-out/>
</testsuite> <!-- Appium.Appium_Java.test4 -->
